c:\users\luis\dropbox\3º ano\1º semestre\poo\prática\trabalho prático\castlewar-1617-poo\debug\vc140.pdb
c:\users\luis\dropbox\3º ano\1º semestre\poo\prática\trabalho prático\castlewar-1617-poo\debug\vc140.idb
c:\users\luis\dropbox\3º ano\1º semestre\poo\prática\trabalho prático\castlewar-1617-poo\debug\caracteristica.obj
c:\users\luis\dropbox\3º ano\1º semestre\poo\prática\trabalho prático\castlewar-1617-poo\debug\colonia.obj
c:\users\luis\dropbox\3º ano\1º semestre\poo\prática\trabalho prático\castlewar-1617-poo\debug\consola.obj
c:\users\luis\dropbox\3º ano\1º semestre\poo\prática\trabalho prático\castlewar-1617-poo\debug\edificio.obj
c:\users\luis\dropbox\3º ano\1º semestre\poo\prática\trabalho prático\castlewar-1617-poo\debug\fabricacaracteristicas.obj
c:\users\luis\dropbox\3º ano\1º semestre\poo\prática\trabalho prático\castlewar-1617-poo\debug\fabricaedificios.obj
c:\users\luis\dropbox\3º ano\1º semestre\poo\prática\trabalho prático\castlewar-1617-poo\debug\interface.obj
c:\users\luis\dropbox\3º ano\1º semestre\poo\prática\trabalho prático\castlewar-1617-poo\debug\main.obj
c:\users\luis\dropbox\3º ano\1º semestre\poo\prática\trabalho prático\castlewar-1617-poo\debug\perfil.obj
c:\users\luis\dropbox\3º ano\1º semestre\poo\prática\trabalho prático\castlewar-1617-poo\debug\posicao.obj
c:\users\luis\dropbox\3º ano\1º semestre\poo\prática\trabalho prático\castlewar-1617-poo\debug\ser.obj
c:\users\luis\dropbox\3º ano\1º semestre\poo\prática\trabalho prático\castlewar-1617-poo\debug\planicie.obj
c:\users\luis\dropbox\3º ano\1º semestre\poo\prática\trabalho prático\castlewar-1617-poo\debug\castlewar.ilk
c:\users\luis\dropbox\3º ano\1º semestre\poo\prática\trabalho prático\castlewar-1617-poo\debug\castlewar.exe
c:\users\luis\dropbox\3º ano\1º semestre\poo\prática\trabalho prático\castlewar-1617-poo\debug\castlewar.pdb
c:\users\luis\dropbox\3º ano\1º semestre\poo\prática\trabalho prático\castlewar-1617-poo\debug\castlewar.tlog\cl.command.1.tlog
c:\users\luis\dropbox\3º ano\1º semestre\poo\prática\trabalho prático\castlewar-1617-poo\debug\castlewar.tlog\cl.read.1.tlog
c:\users\luis\dropbox\3º ano\1º semestre\poo\prática\trabalho prático\castlewar-1617-poo\debug\castlewar.tlog\cl.write.1.tlog
c:\users\luis\dropbox\3º ano\1º semestre\poo\prática\trabalho prático\castlewar-1617-poo\debug\castlewar.tlog\link.command.1.tlog
c:\users\luis\dropbox\3º ano\1º semestre\poo\prática\trabalho prático\castlewar-1617-poo\debug\castlewar.tlog\link.read.1.tlog
c:\users\luis\dropbox\3º ano\1º semestre\poo\prática\trabalho prático\castlewar-1617-poo\debug\castlewar.tlog\link.write.1.tlog
